<?xml version="1.0" encoding="UTF-8"?>
<!-- Generated by org.testng.reporters.JUnitReportReporter -->
<testsuite name="tests.Title" tests="1" time="8.083" ignored="0" failures="0" timestamp="29 Nov 2018 05:33:01 GMT" skipped="0" hostname="smanchukon02pc" errors="0">
  <testcase name="title" time="8.083" classname="tests.Title"/>
</testsuite> <!-- tests.Title -->
