<?xml version="1.0" encoding="UTF-8"?>
<!-- Generated by org.testng.reporters.JUnitReportReporter -->
<testsuite name="tests.Title" tests="1" time="12.989" ignored="0" failures="0" timestamp="29 Nov 2018 11:03:08 GMT" skipped="0" hostname="smanchukon02pc" errors="0">
  <testcase name="title" time="12.989" classname="tests.Title"/>
</testsuite> <!-- tests.Title -->
