<?xml version="1.0" encoding="UTF-8"?>
<!-- Generated by org.testng.reporters.JUnitReportReporter -->
<testsuite skipped="0" hostname="smanchukon02pc" name="tests.FBpost" tests="1" failures="0" timestamp="25 Nov 2018 10:23:38 GMT" time="8.518" errors="0">
  <testcase name="OpenFB" time="8.518" classname="tests.FBpost"/>
</testsuite> <!-- tests.FBpost -->
